# JRE version: OpenJDK Runtime Environment (15.0.2+7) (build 15.0.2+7-27)
# Java VM: OpenJDK 64-Bit Server VM (15.0.2+7-27, mixed mode, tiered, compressed oops, g1 gc, windows-amd64)
GC Precious Log:
 CPUs: 8 total, 8 available
 Memory: 7581M
 Large Page Support: Disabled
 NUMA Support: Disabled
 Compressed Oops: Enabled (32-bit)
 Heap Region Size: 1M
 Heap Min Capacity: 8M
 Heap Initial Capacity: 120M
 Heap Max Capacity: 1896M
 Pre-touch: Disabled
 Parallel Workers: 8
 Concurrent Workers: 2
 Concurrent Refinement Workers: 8
 Periodic GC: Disabled
Heap:
 garbage-first heap   total 121856K, used 56081K [0x0000000089800000, 0x0000000100000000)
  region size 1024K, 7 young (7168K), 1 survivors (1024K)
 Metaspace       used 68277K, capacity 69043K, committed 69148K, reserved 1110016K
  class space    used 7807K, capacity 8075K, committed 8140K, reserved 1048576K
GC Heap History (20 events):
Event: 17.248 GC heap before
{Heap before GC invocations=22 (full 0):
 garbage-first heap   total 86016K, used 67912K [0x0000000089800000, 0x0000000100000000)
  region size 1024K, 44 young (45056K), 3 survivors (3072K)
 Metaspace       used 58194K, capacity 59003K, committed 59184K, reserved 1101824K
  class space    used 6805K, capacity 7023K, committed 7040K, reserved 1048576K
}
Event: 17.251 GC heap after
{Heap after GC invocations=23 (full 0):
 garbage-first heap   total 86016K, used 27635K [0x0000000089800000, 0x0000000100000000)
  region size 1024K, 3 young (3072K), 3 survivors (3072K)
 Metaspace       used 58194K, capacity 59003K, committed 59184K, reserved 1101824K
  class space    used 6805K, capacity 7023K, committed 7040K, reserved 1048576K
}
Event: 17.834 GC heap before
{Heap before GC invocations=23 (full 0):
 garbage-first heap   total 86016K, used 62451K [0x0000000089800000, 0x0000000100000000)
  region size 1024K, 39 young (39936K), 3 survivors (3072K)
 Metaspace       used 59422K, capacity 60139K, committed 60240K, reserved 1101824K
  class space    used 6942K, capacity 7159K, committed 7168K, reserved 1048576K
}
Event: 17.837 GC heap after
{Heap after GC invocations=24 (full 0):
 garbage-first heap   total 86016K, used 28411K [0x0000000089800000, 0x0000000100000000)
  region size 1024K, 4 young (4096K), 4 survivors (4096K)
 Metaspace       used 59422K, capacity 60139K, committed 60240K, reserved 1101824K
  class space    used 6942K, capacity 7159K, committed 7168K, reserved 1048576K
}
Event: 32.684 GC heap before
{Heap before GC invocations=25 (full 0):
 garbage-first heap   total 86016K, used 69371K [0x0000000089800000, 0x0000000100000000)
  region size 1024K, 45 young (46080K), 4 survivors (4096K)
 Metaspace       used 62808K, capacity 63504K, committed 63772K, reserved 1105920K
  class space    used 7272K, capacity 7512K, committed 7628K, reserved 1048576K
}
Event: 32.687 GC heap after
{Heap after GC invocations=26 (full 0):
 garbage-first heap   total 86016K, used 29900K [0x0000000089800000, 0x0000000100000000)
  region size 1024K, 4 young (4096K), 4 survivors (4096K)
 Metaspace       used 62808K, capacity 63504K, committed 63772K, reserved 1105920K
  class space    used 7272K, capacity 7512K, committed 7628K, reserved 1048576K
}
Event: 43.204 GC heap before
{Heap before GC invocations=27 (full 0):
 garbage-first heap   total 86016K, used 45260K [0x0000000089800000, 0x0000000100000000)
  region size 1024K, 20 young (20480K), 4 survivors (4096K)
 Metaspace       used 66169K, capacity 66934K, committed 67100K, reserved 1107968K
  class space    used 7591K, capacity 7843K, committed 7884K, reserved 1048576K
}
Event: 43.207 GC heap after
{Heap after GC invocations=28 (full 0):
 garbage-first heap   total 86016K, used 32232K [0x0000000089800000, 0x0000000100000000)
  region size 1024K, 5 young (5120K), 5 survivors (5120K)
 Metaspace       used 66169K, capacity 66934K, committed 67100K, reserved 1107968K
  class space    used 7591K, capacity 7843K, committed 7884K, reserved 1048576K
}
Event: 45.571 GC heap before
{Heap before GC invocations=29 (full 0):
 garbage-first heap   total 86016K, used 49640K [0x0000000089800000, 0x0000000100000000)
  region size 1024K, 12 young (12288K), 5 survivors (5120K)
 Metaspace       used 67280K, capacity 67990K, committed 68252K, reserved 1110016K
  class space    used 7702K, capacity 7939K, committed 8012K, reserved 1048576K
}
Event: 45.574 GC heap after
{Heap after GC invocations=30 (full 0):
 garbage-first heap   total 86016K, used 44780K [0x0000000089800000, 0x0000000100000000)
  region size 1024K, 4 young (4096K), 4 survivors (4096K)
 Metaspace       used 67280K, capacity 67990K, committed 68252K, reserved 1110016K
  class space    used 7702K, capacity 7939K, committed 8012K, reserved 1048576K
}
Event: 45.903 GC heap before
{Heap before GC invocations=31 (full 0):
 garbage-first heap   total 99328K, used 67308K [0x0000000089800000, 0x0000000100000000)
  region size 1024K, 16 young (16384K), 4 survivors (4096K)
 Metaspace       used 67300K, capacity 67990K, committed 68252K, reserved 1110016K
  class space    used 7703K, capacity 7939K, committed 8012K, reserved 1048576K
}
Event: 45.906 GC heap after
{Heap after GC invocations=32 (full 0):
 garbage-first heap   total 99328K, used 57146K [0x0000000089800000, 0x0000000100000000)
  region size 1024K, 2 young (2048K), 2 survivors (2048K)
 Metaspace       used 67300K, capacity 67990K, committed 68252K, reserved 1110016K
  class space    used 7703K, capacity 7939K, committed 8012K, reserved 1048576K
}
Event: 46.546 GC heap before
{Heap before GC invocations=33 (full 0):
 garbage-first heap   total 117760K, used 79674K [0x0000000089800000, 0x0000000100000000)
  region size 1024K, 14 young (14336K), 2 survivors (2048K)
 Metaspace       used 67305K, capacity 67990K, committed 68252K, reserved 1110016K
  class space    used 7705K, capacity 7939K, committed 8012K, reserved 1048576K
}
Event: 46.551 GC heap after
{Heap after GC invocations=34 (full 0):
 garbage-first heap   total 117760K, used 56054K [0x0000000089800000, 0x0000000100000000)
  region size 1024K, 4 young (4096K), 4 survivors (4096K)
 Metaspace       used 67305K, capacity 67990K, committed 68252K, reserved 1110016K
  class space    used 7705K, capacity 7939K, committed 8012K, reserved 1048576K
}
Event: 49.957 GC heap before
{Heap before GC invocations=35 (full 0):
 garbage-first heap   total 121856K, used 71414K [0x0000000089800000, 0x0000000100000000)
  region size 1024K, 5 young (5120K), 4 survivors (4096K)
 Metaspace       used 67500K, capacity 68234K, committed 68508K, reserved 1110016K
  class space    used 7729K, capacity 7977K, committed 8012K, reserved 1048576K
}
Event: 49.960 GC heap after
{Heap after GC invocations=36 (full 0):
 garbage-first heap   total 121856K, used 57459K [0x0000000089800000, 0x0000000100000000)
  region size 1024K, 1 young (1024K), 1 survivors (1024K)
 Metaspace       used 67500K, capacity 68234K, committed 68508K, reserved 1110016K
  class space    used 7729K, capacity 7977K, committed 8012K, reserved 1048576K
}
Event: 64.921 GC heap before
{Heap before GC invocations=37 (full 0):
 garbage-first heap   total 121856K, used 70771K [0x0000000089800000, 0x0000000100000000)
  region size 1024K, 15 young (15360K), 1 survivors (1024K)
 Metaspace       used 68263K, capacity 69043K, committed 69148K, reserved 1110016K
  class space    used 7806K, capacity 8075K, committed 8140K, reserved 1048576K
}
Event: 64.923 GC heap after
{Heap after GC invocations=38 (full 0):
 garbage-first heap   total 121856K, used 53061K [0x0000000089800000, 0x0000000100000000)
  region size 1024K, 1 young (1024K), 1 survivors (1024K)
 Metaspace       used 68263K, capacity 69043K, committed 69148K, reserved 1110016K
  class space    used 7806K, capacity 8075K, committed 8140K, reserved 1048576K
}
Event: 65.072 GC heap before
{Heap before GC invocations=39 (full 0):
 garbage-first heap   total 121856K, used 54085K [0x0000000089800000, 0x0000000100000000)
  region size 1024K, 2 young (2048K), 1 survivors (1024K)
 Metaspace       used 68269K, capacity 69043K, committed 69148K, reserved 1110016K
  class space    used 7806K, capacity 8075K, committed 8140K, reserved 1048576K
}
Event: 65.074 GC heap after
{Heap after GC invocations=40 (full 0):
 garbage-first heap   total 121856K, used 49937K [0x0000000089800000, 0x0000000100000000)
  region size 1024K, 1 young (1024K), 1 survivors (1024K)
 Metaspace       used 68269K, capacity 69043K, committed 69148K, reserved 1110016K
  class space    used 7806K, capacity 8075K, committed 8140K, reserved 1048576K
}

